200 0.1 11.7966
0 0
0.1 1.19529e-06
0.2 2.02064e-05
0.3 0.000114102
0.4 0.000393694
0.5 0.00100884
0.6 0.00210982
0.7 0.0038105
0.8 0.00617201
0.9 0.00920592
1 0.012887
1.1 0.0171673
1.2 0.0219879
1.3 0.0272868
1.4 0.0330041
1.5 0.0390843
1.6 0.0454777
1.7 0.0521407
1.8 0.0590354
1.9 0.0661291
2 0.0733941
2.1 0.0808063
2.2 0.0883454
2.3 0.0959942
2.4 0.103738
2.5 0.111563
2.6 0.119459
2.7 0.127417
2.8 0.135429
2.9 0.143486
3 0.151584
3.1 0.159716
3.2 0.167879
3.3 0.176067
3.4 0.184276
3.5 0.192504
3.6 0.200748
3.7 0.209003
3.8 0.217269
3.9 0.225541
4 0.233818
4.1 0.242099
4.2 0.250379
4.3 0.258659
4.4 0.266935
4.5 0.275206
4.6 0.28347
4.7 0.291725
4.8 0.29997
4.9 0.308203
5 0.316421
5.1 0.324624
5.2 0.33281
5.3 0.340976
5.4 0.349122
5.5 0.357245
5.6 0.365344
5.7 0.373417
5.8 0.381463
5.9 0.38948
6 0.397466
6.1 0.40542
6.2 0.413341
6.3 0.421226
6.4 0.429074
6.5 0.436883
6.6 0.444653
6.7 0.452382
6.8 0.460067
6.9 0.467709
7 0.475305
7.1 0.482854
7.2 0.490356
7.3 0.497808
7.4 0.505209
7.5 0.512559
7.6 0.519856
7.7 0.5271
7.8 0.534288
7.9 0.541421
8 0.548497
8.1 0.555516
8.2 0.562477
8.3 0.569378
8.4 0.57622
8.5 0.583001
8.6 0.589721
8.7 0.59638
8.8 0.602976
8.9 0.60951
9 0.615981
9.1 0.622389
9.2 0.628732
9.3 0.635012
9.4 0.641228
9.5 0.647379
9.6 0.653465
9.7 0.659487
9.8 0.665444
9.9 0.671336
10 0.677163
10.1 0.682925
10.2 0.688622
10.3 0.694255
10.4 0.699823
10.5 0.705327
10.6 0.710767
10.7 0.716142
10.8 0.721454
10.9 0.726702
11 0.731887
11.1 0.737009
11.2 0.742068
11.3 0.747065
11.4 0.752001
11.5 0.756874
11.6 0.761687
11.7 0.766439
11.8 0.771131
11.9 0.775763
12 0.780336
12.1 0.784849
12.2 0.789305
12.3 0.793703
12.4 0.798043
12.5 0.802327
12.6 0.806554
12.7 0.810726
12.8 0.814842
12.9 0.818904
13 0.822912
13.1 0.826866
13.2 0.830767
13.3 0.834616
13.4 0.838413
13.5 0.842159
13.6 0.845854
13.7 0.849498
13.8 0.853094
13.9 0.85664
14 0.860138
14.1 0.863589
14.2 0.866992
14.3 0.870348
14.4 0.873658
14.5 0.876923
14.6 0.880143
14.7 0.883319
14.8 0.88645
14.9 0.889539
15 0.892585
15.1 0.895588
15.2 0.89855
15.3 0.901472
15.4 0.904352
15.5 0.907193
15.6 0.909994
15.7 0.912757
15.8 0.915481
15.9 0.918167
16 0.920816
16.1 0.923428
16.2 0.926004
16.3 0.928545
16.4 0.93105
16.5 0.93352
16.6 0.935956
16.7 0.938358
16.8 0.940727
16.9 0.943063
17 0.945366
17.1 0.947638
17.2 0.949878
17.3 0.952088
17.4 0.954266
17.5 0.956415
17.6 0.958534
17.7 0.960623
17.8 0.962684
17.9 0.964717
18 0.966721
18.1 0.968698
18.2 0.970648
18.3 0.972571
18.4 0.974467
18.5 0.976338
18.6 0.978183
18.7 0.980002
18.8 0.981797
18.9 0.983567
19 0.985314
19.1 0.987036
19.2 0.988735
19.3 0.990411
19.4 0.992064
19.5 0.993695
19.6 0.995303
19.7 0.99689
19.8 0.998456
19.9 1
