48
9.82208e-05 3.5 0 0.6701531074300462 1.0
9.82208e-05 -3.5 0 0.6701531074300462 -1.0
9.82208e-05 3.5 0 0.6732763962634468 0.9942857142857143
9.82208e-05 -3.5 0 0.6732763962634468 -0.9942857142857143
9.82208e-05 3.5 0 0.6763369855407823 0.9885714285714285
9.82208e-05 -3.5 0 0.6763369855407823 -0.9885714285714285
9.82208e-05 3.5 0 0.6793357226974311 0.9828571428571429
9.82208e-05 -3.5 0 0.6793357226974311 -0.9828571428571429
9.82208e-05 3.5 0 0.6822734232936537 0.9771428571428571
9.82208e-05 -3.5 0 0.6822734232936537 -0.9771428571428571
9.82208e-05 3.5 0 0.6851508724437213 0.9714285714285714
9.82208e-05 -3.5 0 0.6851508724437213 -0.9714285714285714
9.82208e-05 3.5 0 0.6879688261582021 0.9657142857142856
9.82208e-05 -3.5 0 0.6879688261582021 -0.9657142857142856
9.82208e-05 3.5 0 0.6907280126056473 0.96
9.82208e-05 -3.5 0 0.6907280126056473 -0.96
9.82208e-05 3.5 0 0.6934291332993958 0.9542857142857143
9.82208e-05 -3.5 0 0.6934291332993958 -0.9542857142857143
9.82208e-05 3.5 0 0.6960728642147361 0.9485714285714285
9.82208e-05 -3.5 0 0.6960728642147361 -0.9485714285714285
9.82208e-05 3.5 0 0.6986598568412331 0.9428571428571428
9.82208e-05 -3.5 0 0.6986598568412331 -0.9428571428571428
9.82208e-05 3.5 0 0.7011907391746339 0.937142857142857
9.82208e-05 -3.5 0 0.7011907391746339 -0.937142857142857
9.82208e-05 3.5 0 0.7036661166524064 0.9314285714285714
9.82208e-05 -3.5 0 0.7036661166524064 -0.9314285714285714
9.82208e-05 3.5 0 0.7060865730366477 0.9257142857142858
9.82208e-05 -3.5 0 0.7060865730366477 -0.9257142857142858
9.82208e-05 3.5 0 0.7084526712478028 0.9199999999999999
9.82208e-05 -3.5 0 0.7084526712478028 -0.9199999999999999
9.82208e-05 3.5 0 0.7107649541523615 0.9142857142857144
9.82208e-05 -3.5 0 0.7107649541523615 -0.9142857142857144
9.82208e-05 3.5 0 0.7130239453074635 0.9085714285714286
9.82208e-05 -3.5 0 0.7130239453074635 -0.9085714285714286
9.82208e-05 3.5 0 0.7152301496651158 0.9028571428571429
9.82208e-05 -3.5 0 0.7152301496651158 -0.9028571428571429
9.82208e-05 3.5 0 0.7173840542385216 0.8971428571428571
9.82208e-05 -3.5 0 0.7173840542385216 -0.8971428571428571
9.82208e-05 3.5 0 0.7194861287328362 0.8914285714285715
9.82208e-05 -3.5 0 0.7194861287328362 -0.8914285714285715
9.82208e-05 3.5 0 0.7215368261424912 0.8857142857142858
9.82208e-05 -3.5 0 0.7215368261424912 -0.8857142857142858
9.82208e-05 3.5 0 0.7235365833170755 0.88
9.82208e-05 -3.5 0 0.7235365833170755 -0.88
9.82208e-05 3.5 0 0.7254858214976124 0.8742857142857143
9.82208e-05 -3.5 0 0.7254858214976124 -0.8742857142857143
9.82208e-05 3.5 0 0.72738494682495 0.8685714285714285
9.82208e-05 -3.5 0 0.72738494682495 -0.8685714285714285